Performing C SOURCE FILE Test CMAKE_HAVE_LIBC_PTHREAD failed with the following output:
Change Dir: /backup/build/CMakeFiles/CMakeTmp

Run Build Command(s):/usr/bin/gmake cmTC_6e52c/fast && /usr/bin/gmake  -f CMakeFiles/cmTC_6e52c.dir/build.make CMakeFiles/cmTC_6e52c.dir/build
gmake[1]: Entering directory '/backup/build/CMakeFiles/CMakeTmp'
Building C object CMakeFiles/cmTC_6e52c.dir/src.c.o
/usr/bin/cc   -DCMAKE_HAVE_LIBC_PTHREAD -o CMakeFiles/cmTC_6e52c.dir/src.c.o -c /backup/build/CMakeFiles/CMakeTmp/src.c
Linking C executable cmTC_6e52c
/usr/local/bin/cmake -E cmake_link_script CMakeFiles/cmTC_6e52c.dir/link.txt --verbose=1
/usr/bin/cc  -DCMAKE_HAVE_LIBC_PTHREAD  -Wl,-rpath -Wl,/usr/local/lib  CMakeFiles/cmTC_6e52c.dir/src.c.o -o cmTC_6e52c 
CMakeFiles/cmTC_6e52c.dir/src.c.o: In function `main':
src.c:(.text+0x2d): undefined reference to `pthread_create'
src.c:(.text+0x39): undefined reference to `pthread_detach'
src.c:(.text+0x45): undefined reference to `pthread_cancel'
src.c:(.text+0x56): undefined reference to `pthread_join'
collect2: error: ld returned 1 exit status
gmake[1]: *** [CMakeFiles/cmTC_6e52c.dir/build.make:107: cmTC_6e52c] Error 1
gmake[1]: Leaving directory '/backup/build/CMakeFiles/CMakeTmp'
gmake: *** [Makefile:141: cmTC_6e52c/fast] Error 2


Source file was:
#include <pthread.h>

void* test_func(void* data)
{
  return data;
}

int main(void)
{
  pthread_t thread;
  pthread_create(&thread, NULL, test_func, NULL);
  pthread_detach(thread);
  pthread_cancel(thread);
  pthread_join(thread, NULL);
  pthread_atfork(NULL, NULL, NULL);
  pthread_exit(NULL);

  return 0;
}

Determining if the function pthread_create exists in the pthreads failed with the following output:
Change Dir: /backup/build/CMakeFiles/CMakeTmp

Run Build Command(s):/usr/bin/gmake cmTC_8fc77/fast && /usr/bin/gmake  -f CMakeFiles/cmTC_8fc77.dir/build.make CMakeFiles/cmTC_8fc77.dir/build
gmake[1]: Entering directory '/backup/build/CMakeFiles/CMakeTmp'
Building C object CMakeFiles/cmTC_8fc77.dir/CheckFunctionExists.c.o
/usr/bin/cc   -DCHECK_FUNCTION_EXISTS=pthread_create -o CMakeFiles/cmTC_8fc77.dir/CheckFunctionExists.c.o -c /usr/local/share/cmake-3.18/Modules/CheckFunctionExists.c
Linking C executable cmTC_8fc77
/usr/local/bin/cmake -E cmake_link_script CMakeFiles/cmTC_8fc77.dir/link.txt --verbose=1
/usr/bin/cc  -DCHECK_FUNCTION_EXISTS=pthread_create  -Wl,-rpath -Wl,/usr/local/lib  CMakeFiles/cmTC_8fc77.dir/CheckFunctionExists.c.o -o cmTC_8fc77  -lpthreads 
/usr/bin/ld: cannot find -lpthreads
collect2: error: ld returned 1 exit status
gmake[1]: *** [CMakeFiles/cmTC_8fc77.dir/build.make:107: cmTC_8fc77] Error 1
gmake[1]: Leaving directory '/backup/build/CMakeFiles/CMakeTmp'
gmake: *** [Makefile:141: cmTC_8fc77/fast] Error 2



